{"/Users/decod3rs/www/agenticindiedev/kaiban.md/src/extension.ts": {"path":"/Users/decod3rs/www/agenticindiedev/kaiban.md/src/extension.ts","statementMap":{"0":{"start":{"line":7,"column":2},"end":{"line":7,"column":null}},"1":{"start":{"line":9,"column":2},"end":{"line":9,"column":null}},"2":{"start":{"line":12,"column":27},"end":{"line":18,"column":null}},"3":{"start":{"line":13,"column":4},"end":{"line":17,"column":null}},"4":{"start":{"line":14,"column":6},"end":{"line":14,"column":null}},"5":{"start":{"line":16,"column":6},"end":{"line":16,"column":null}},"6":{"start":{"line":21,"column":30},"end":{"line":28,"column":null}},"7":{"start":{"line":22,"column":4},"end":{"line":27,"column":null}},"8":{"start":{"line":23,"column":6},"end":{"line":23,"column":null}},"9":{"start":{"line":24,"column":6},"end":{"line":24,"column":null}},"10":{"start":{"line":26,"column":6},"end":{"line":26,"column":null}},"11":{"start":{"line":30,"column":2},"end":{"line":30,"column":null}},"12":{"start":{"line":33,"column":2},"end":{"line":42,"column":null}},"13":{"start":{"line":39,"column":6},"end":{"line":41,"column":null}},"14":{"start":{"line":40,"column":8},"end":{"line":40,"column":null}},"15":{"start":{"line":46,"column":2},"end":{"line":46,"column":null}}},"fnMap":{"0":{"name":"activate","decl":{"start":{"line":6,"column":16},"end":{"line":6,"column":25}},"loc":{"start":{"line":6,"column":59},"end":{"line":43,"column":null}},"line":6},"1":{"name":"(anonymous_1)","decl":{"start":{"line":12,"column":79},"end":{"line":12,"column":91}},"loc":{"start":{"line":12,"column":91},"end":{"line":18,"column":3}},"line":12},"2":{"name":"(anonymous_2)","decl":{"start":{"line":21,"column":85},"end":{"line":21,"column":97}},"loc":{"start":{"line":21,"column":97},"end":{"line":28,"column":3}},"line":21},"3":{"name":"(anonymous_3)","decl":{"start":{"line":38,"column":10},"end":{"line":38,"column":11}},"loc":{"start":{"line":38,"column":25},"end":{"line":42,"column":5}},"line":38},"4":{"name":"deactivate","decl":{"start":{"line":45,"column":16},"end":{"line":45,"column":29}},"loc":{"start":{"line":45,"column":29},"end":{"line":47,"column":null}},"line":45}},"branchMap":{"0":{"loc":{"start":{"line":39,"column":6},"end":{"line":41,"column":null}},"type":"if","locations":[{"start":{"line":39,"column":6},"end":{"line":41,"column":null}},{"start":{},"end":{}}],"line":39}},"s":{"0":11,"1":11,"2":11,"3":2,"4":2,"5":1,"6":11,"7":2,"8":2,"9":1,"10":1,"11":11,"12":11,"13":11,"14":1,"15":1},"f":{"0":11,"1":2,"2":2,"3":11,"4":1},"b":{"0":[1,10]},"meta":{"lastBranch":1,"lastFunction":5,"lastStatement":16,"seen":{"f:6:16:6:25":0,"s:7:2:7:Infinity":0,"s:9:2:9:Infinity":1,"s:12:27:18:Infinity":2,"f:12:79:12:91":1,"s:13:4:17:Infinity":3,"s:14:6:14:Infinity":4,"s:16:6:16:Infinity":5,"s:21:30:28:Infinity":6,"f:21:85:21:97":2,"s:22:4:27:Infinity":7,"s:23:6:23:Infinity":8,"s:24:6:24:Infinity":9,"s:26:6:26:Infinity":10,"s:30:2:30:Infinity":11,"s:33:2:42:Infinity":12,"f:38:10:38:11":3,"b:39:6:41:Infinity:undefined:undefined:undefined:undefined":0,"s:39:6:41:Infinity":13,"s:40:8:40:Infinity":14,"f:45:16:45:29":4,"s:46:2:46:Infinity":15}}}
,"/Users/decod3rs/www/agenticindiedev/kaiban.md/src/kanbanView.ts": {"path":"/Users/decod3rs/www/agenticindiedev/kaiban.md/src/kanbanView.ts","statementMap":{"0":{"start":{"line":8,"column":22},"end":{"line":8,"column":56}},"1":{"start":{"line":9,"column":4},"end":{"line":9,"column":null}},"2":{"start":{"line":13,"column":4},"end":{"line":17,"column":null}},"3":{"start":{"line":14,"column":6},"end":{"line":14,"column":null}},"4":{"start":{"line":15,"column":6},"end":{"line":15,"column":null}},"5":{"start":{"line":16,"column":6},"end":{"line":16,"column":null}},"6":{"start":{"line":19,"column":4},"end":{"line":27,"column":null}},"7":{"start":{"line":29,"column":4},"end":{"line":31,"column":null}},"8":{"start":{"line":30,"column":6},"end":{"line":30,"column":null}},"9":{"start":{"line":34,"column":4},"end":{"line":56,"column":null}},"10":{"start":{"line":36,"column":8},"end":{"line":52,"column":null}},"11":{"start":{"line":38,"column":12},"end":{"line":38,"column":null}},"12":{"start":{"line":39,"column":12},"end":{"line":39,"column":null}},"13":{"start":{"line":41,"column":12},"end":{"line":41,"column":null}},"14":{"start":{"line":42,"column":12},"end":{"line":42,"column":null}},"15":{"start":{"line":44,"column":12},"end":{"line":44,"column":null}},"16":{"start":{"line":45,"column":12},"end":{"line":45,"column":null}},"17":{"start":{"line":47,"column":12},"end":{"line":47,"column":null}},"18":{"start":{"line":48,"column":12},"end":{"line":48,"column":null}},"19":{"start":{"line":50,"column":12},"end":{"line":50,"column":null}},"20":{"start":{"line":51,"column":12},"end":{"line":51,"column":null}},"21":{"start":{"line":58,"column":4},"end":{"line":58,"column":null}},"22":{"start":{"line":62,"column":4},"end":{"line":64,"column":null}},"23":{"start":{"line":63,"column":6},"end":{"line":63,"column":null}},"24":{"start":{"line":66,"column":18},"end":{"line":66,"column":null}},"25":{"start":{"line":67,"column":25},"end":{"line":67,"column":null}},"26":{"start":{"line":69,"column":4},"end":{"line":69,"column":null}},"27":{"start":{"line":73,"column":4},"end":{"line":79,"column":null}},"28":{"start":{"line":74,"column":18},"end":{"line":74,"column":null}},"29":{"start":{"line":75,"column":23},"end":{"line":75,"column":null}},"30":{"start":{"line":76,"column":6},"end":{"line":76,"column":null}},"31":{"start":{"line":78,"column":6},"end":{"line":78,"column":null}},"32":{"start":{"line":83,"column":4},"end":{"line":85,"column":null}},"33":{"start":{"line":84,"column":6},"end":{"line":84,"column":null}},"34":{"start":{"line":87,"column":4},"end":{"line":124,"column":null}},"35":{"start":{"line":89,"column":31},"end":{"line":89,"column":null}},"36":{"start":{"line":90,"column":6},"end":{"line":92,"column":null}},"37":{"start":{"line":91,"column":8},"end":{"line":91,"column":null}},"38":{"start":{"line":94,"column":23},"end":{"line":94,"column":null}},"39":{"start":{"line":97,"column":6},"end":{"line":104,"column":null}},"40":{"start":{"line":98,"column":23},"end":{"line":98,"column":null}},"41":{"start":{"line":99,"column":8},"end":{"line":103,"column":null}},"42":{"start":{"line":100,"column":27},"end":{"line":100,"column":null}},"43":{"start":{"line":101,"column":10},"end":{"line":101,"column":null}},"44":{"start":{"line":102,"column":10},"end":{"line":102,"column":null}},"45":{"start":{"line":106,"column":6},"end":{"line":118,"column":null}},"46":{"start":{"line":108,"column":32},"end":{"line":108,"column":null}},"47":{"start":{"line":109,"column":8},"end":{"line":112,"column":null}},"48":{"start":{"line":114,"column":8},"end":{"line":117,"column":null}},"49":{"start":{"line":120,"column":6},"end":{"line":123,"column":null}},"50":{"start":{"line":128,"column":4},"end":{"line":137,"column":null}},"51":{"start":{"line":129,"column":6},"end":{"line":132,"column":null}},"52":{"start":{"line":134,"column":6},"end":{"line":134,"column":null}},"53":{"start":{"line":136,"column":6},"end":{"line":136,"column":null}},"54":{"start":{"line":141,"column":4},"end":{"line":148,"column":null}},"55":{"start":{"line":142,"column":6},"end":{"line":142,"column":null}},"56":{"start":{"line":144,"column":6},"end":{"line":144,"column":null}},"57":{"start":{"line":145,"column":6},"end":{"line":145,"column":null}},"58":{"start":{"line":147,"column":6},"end":{"line":147,"column":null}},"59":{"start":{"line":153,"column":15},"end":{"line":170,"column":null}},"60":{"start":{"line":173,"column":4},"end":{"line":173,"column":null}},"61":{"start":{"line":175,"column":4},"end":{"line":175,"column":null}},"62":{"start":{"line":180,"column":27},"end":{"line":183,"column":null}},"63":{"start":{"line":181,"column":28},"end":{"line":181,"column":null}},"64":{"start":{"line":182,"column":6},"end":{"line":182,"column":null}},"65":{"start":{"line":182,"column":34},"end":{"line":182,"column":87}},"66":{"start":{"line":185,"column":25},"end":{"line":185,"column":null}},"67":{"start":{"line":186,"column":22},"end":{"line":186,"column":null}},"68":{"start":{"line":187,"column":25},"end":{"line":187,"column":null}},"69":{"start":{"line":188,"column":22},"end":{"line":188,"column":null}},"70":{"start":{"line":190,"column":23},"end":{"line":220,"column":null}},"71":{"start":{"line":191,"column":28},"end":{"line":191,"column":null}},"72":{"start":{"line":192,"column":29},"end":{"line":192,"column":null}},"73":{"start":{"line":193,"column":26},"end":{"line":193,"column":null}},"74":{"start":{"line":194,"column":23},"end":{"line":194,"column":null}},"75":{"start":{"line":195,"column":28},"end":{"line":195,"column":null}},"76":{"start":{"line":197,"column":6},"end":{"line":216,"column":null}},"77":{"start":{"line":222,"column":4},"end":{"line":691,"column":null}},"78":{"start":{"line":967,"column":4},"end":{"line":972,"column":null}}},"fnMap":{"0":{"name":"(anonymous_0)","decl":{"start":{"line":8,"column":2},"end":{"line":8,"column":22}},"loc":{"start":{"line":8,"column":56},"end":{"line":10,"column":null}},"line":8},"1":{"name":"(anonymous_1)","decl":{"start":{"line":12,"column":15},"end":{"line":12,"column":22}},"loc":{"start":{"line":12,"column":22},"end":{"line":59,"column":null}},"line":12},"2":{"name":"(anonymous_2)","decl":{"start":{"line":29,"column":28},"end":{"line":29,"column":34}},"loc":{"start":{"line":29,"column":34},"end":{"line":31,"column":5}},"line":29},"3":{"name":"(anonymous_3)","decl":{"start":{"line":35,"column":6},"end":{"line":35,"column":13}},"loc":{"start":{"line":35,"column":25},"end":{"line":53,"column":null}},"line":35},"4":{"name":"(anonymous_4)","decl":{"start":{"line":61,"column":15},"end":{"line":61,"column":25}},"loc":{"start":{"line":61,"column":25},"end":{"line":70,"column":null}},"line":61},"5":{"name":"(anonymous_5)","decl":{"start":{"line":72,"column":16},"end":{"line":72,"column":29}},"loc":{"start":{"line":72,"column":47},"end":{"line":80,"column":null}},"line":72},"6":{"name":"(anonymous_6)","decl":{"start":{"line":82,"column":16},"end":{"line":82,"column":31}},"loc":{"start":{"line":82,"column":48},"end":{"line":125,"column":null}},"line":82},"7":{"name":"(anonymous_7)","decl":{"start":{"line":127,"column":16},"end":{"line":127,"column":33}},"loc":{"start":{"line":127,"column":68},"end":{"line":138,"column":null}},"line":127},"8":{"name":"(anonymous_8)","decl":{"start":{"line":140,"column":16},"end":{"line":140,"column":27}},"loc":{"start":{"line":140,"column":57},"end":{"line":149,"column":null}},"line":140},"9":{"name":"(anonymous_9)","decl":{"start":{"line":151,"column":10},"end":{"line":151,"column":25}},"loc":{"start":{"line":151,"column":50},"end":{"line":176,"column":null}},"line":151},"10":{"name":"(anonymous_10)","decl":{"start":{"line":178,"column":10},"end":{"line":178,"column":28}},"loc":{"start":{"line":178,"column":74},"end":{"line":964,"column":null}},"line":178},"11":{"name":"(anonymous_11)","decl":{"start":{"line":180,"column":27},"end":{"line":180,"column":28}},"loc":{"start":{"line":180,"column":46},"end":{"line":183,"column":null}},"line":180},"12":{"name":"(anonymous_12)","decl":{"start":{"line":182,"column":24},"end":{"line":182,"column":25}},"loc":{"start":{"line":182,"column":34},"end":{"line":182,"column":87}},"line":182},"13":{"name":"(anonymous_13)","decl":{"start":{"line":190,"column":23},"end":{"line":190,"column":24}},"loc":{"start":{"line":190,"column":39},"end":{"line":220,"column":null}},"line":190},"14":{"name":"(anonymous_14)","decl":{"start":{"line":966,"column":10},"end":{"line":966,"column":21}},"loc":{"start":{"line":966,"column":43},"end":{"line":973,"column":null}},"line":966}},"branchMap":{"0":{"loc":{"start":{"line":13,"column":4},"end":{"line":17,"column":null}},"type":"if","locations":[{"start":{"line":13,"column":4},"end":{"line":17,"column":null}},{"start":{},"end":{}}],"line":13},"1":{"loc":{"start":{"line":36,"column":8},"end":{"line":52,"column":null}},"type":"switch","locations":[{"start":{"line":37,"column":10},"end":{"line":39,"column":null}},{"start":{"line":40,"column":10},"end":{"line":42,"column":null}},{"start":{"line":43,"column":10},"end":{"line":45,"column":null}},{"start":{"line":46,"column":10},"end":{"line":48,"column":null}},{"start":{"line":49,"column":10},"end":{"line":51,"column":null}}],"line":36},"2":{"loc":{"start":{"line":62,"column":4},"end":{"line":64,"column":null}},"type":"if","locations":[{"start":{"line":62,"column":4},"end":{"line":64,"column":null}},{"start":{},"end":{}}],"line":62},"3":{"loc":{"start":{"line":83,"column":4},"end":{"line":85,"column":null}},"type":"if","locations":[{"start":{"line":83,"column":4},"end":{"line":85,"column":null}},{"start":{},"end":{}}],"line":83},"4":{"loc":{"start":{"line":90,"column":6},"end":{"line":92,"column":null}},"type":"if","locations":[{"start":{"line":90,"column":6},"end":{"line":92,"column":null}},{"start":{},"end":{}}],"line":90},"5":{"loc":{"start":{"line":106,"column":6},"end":{"line":118,"column":null}},"type":"if","locations":[{"start":{"line":106,"column":6},"end":{"line":118,"column":null}},{"start":{"line":113,"column":13},"end":{"line":118,"column":null}}],"line":106},"6":{"loc":{"start":{"line":185,"column":40},"end":{"line":185,"column":66}},"type":"binary-expr","locations":[{"start":{"line":185,"column":40},"end":{"line":185,"column":64}},{"start":{"line":185,"column":64},"end":{"line":185,"column":66}}],"line":185},"7":{"loc":{"start":{"line":186,"column":37},"end":{"line":186,"column":64}},"type":"binary-expr","locations":[{"start":{"line":186,"column":37},"end":{"line":186,"column":62}},{"start":{"line":186,"column":62},"end":{"line":186,"column":64}}],"line":186},"8":{"loc":{"start":{"line":187,"column":40},"end":{"line":187,"column":66}},"type":"binary-expr","locations":[{"start":{"line":187,"column":40},"end":{"line":187,"column":64}},{"start":{"line":187,"column":64},"end":{"line":187,"column":66}}],"line":187},"9":{"loc":{"start":{"line":188,"column":37},"end":{"line":188,"column":60}},"type":"binary-expr","locations":[{"start":{"line":188,"column":37},"end":{"line":188,"column":58}},{"start":{"line":188,"column":58},"end":{"line":188,"column":60}}],"line":188},"10":{"loc":{"start":{"line":192,"column":29},"end":{"line":192,"column":null}},"type":"cond-expr","locations":[{"start":{"line":192,"column":46},"end":{"line":192,"column":60}},{"start":{"line":192,"column":60},"end":{"line":192,"column":null}}],"line":192},"11":{"loc":{"start":{"line":194,"column":23},"end":{"line":194,"column":null}},"type":"binary-expr","locations":[{"start":{"line":194,"column":23},"end":{"line":194,"column":41}},{"start":{"line":194,"column":41},"end":{"line":194,"column":null}}],"line":194},"12":{"loc":{"start":{"line":195,"column":28},"end":{"line":195,"column":null}},"type":"cond-expr","locations":[{"start":{"line":195,"column":39},"end":{"line":195,"column":70}},{"start":{"line":195,"column":70},"end":{"line":195,"column":null}}],"line":195},"13":{"loc":{"start":{"line":206,"column":14},"end":{"line":206,"column":76}},"type":"cond-expr","locations":[{"start":{"line":206,"column":31},"end":{"line":206,"column":74}},{"start":{"line":206,"column":74},"end":{"line":206,"column":76}}],"line":206},"14":{"loc":{"start":{"line":211,"column":14},"end":{"line":211,"column":90}},"type":"cond-expr","locations":[{"start":{"line":211,"column":25},"end":{"line":211,"column":88}},{"start":{"line":211,"column":88},"end":{"line":211,"column":90}}],"line":211},"15":{"loc":{"start":{"line":212,"column":14},"end":{"line":212,"column":114}},"type":"cond-expr","locations":[{"start":{"line":212,"column":40},"end":{"line":212,"column":112}},{"start":{"line":212,"column":112},"end":{"line":212,"column":114}}],"line":212},"16":{"loc":{"start":{"line":216,"column":14},"end":{"line":216,"column":152}},"type":"cond-expr","locations":[{"start":{"line":216,"column":28},"end":{"line":216,"column":150}},{"start":{"line":216,"column":150},"end":{"line":216,"column":152}}],"line":216},"17":{"loc":{"start":{"line":646,"column":10},"end":{"line":648,"column":null}},"type":"cond-expr","locations":[{"start":{"line":647,"column":14},"end":{"line":647,"column":null}},{"start":{"line":648,"column":14},"end":{"line":648,"column":null}}],"line":646},"18":{"loc":{"start":{"line":660,"column":10},"end":{"line":662,"column":null}},"type":"cond-expr","locations":[{"start":{"line":661,"column":14},"end":{"line":661,"column":null}},{"start":{"line":662,"column":14},"end":{"line":662,"column":null}}],"line":660},"19":{"loc":{"start":{"line":674,"column":10},"end":{"line":676,"column":null}},"type":"cond-expr","locations":[{"start":{"line":675,"column":14},"end":{"line":675,"column":null}},{"start":{"line":676,"column":14},"end":{"line":676,"column":null}}],"line":674},"20":{"loc":{"start":{"line":688,"column":10},"end":{"line":690,"column":null}},"type":"cond-expr","locations":[{"start":{"line":689,"column":14},"end":{"line":689,"column":null}},{"start":{"line":690,"column":14},"end":{"line":690,"column":null}}],"line":688}},"s":{"0":45,"1":45,"2":36,"3":1,"4":1,"5":1,"6":35,"7":35,"8":1,"9":35,"10":17,"11":2,"12":2,"13":1,"14":1,"15":10,"16":10,"17":2,"18":2,"19":2,"20":2,"21":35,"22":41,"23":1,"24":40,"25":40,"26":40,"27":2,"28":2,"29":2,"30":1,"31":1,"32":10,"33":0,"34":10,"35":10,"36":10,"37":1,"38":9,"39":9,"40":10,"41":10,"42":10,"43":7,"44":7,"45":8,"46":7,"47":7,"48":1,"49":1,"50":2,"51":2,"52":1,"53":1,"54":2,"55":2,"56":1,"57":1,"58":1,"59":7,"60":7,"61":7,"62":40,"63":160,"64":160,"65":2,"66":40,"67":40,"68":40,"69":40,"70":40,"71":10,"72":10,"73":10,"74":10,"75":10,"76":10,"77":40,"78":20},"f":{"0":45,"1":36,"2":1,"3":17,"4":41,"5":2,"6":10,"7":2,"8":2,"9":7,"10":40,"11":160,"12":2,"13":10,"14":20},"b":{"0":[1,35],"1":[2,1,10,2,2],"2":[1,40],"3":[0,10],"4":[1,9],"5":[7,1],"6":[40,0],"7":[40,0],"8":[40,0],"9":[40,0],"10":[1,9],"11":[10,1],"12":[1,9],"13":[1,9],"14":[1,9],"15":[1,9],"16":[2,8],"17":[4,36],"18":[1,39],"19":[2,38],"20":[1,39]},"meta":{"lastBranch":21,"lastFunction":15,"lastStatement":79,"seen":{"f:8:2:8:22":0,"s:8:22:8:56":0,"s:9:4:9:Infinity":1,"f:12:15:12:22":1,"b:13:4:17:Infinity:undefined:undefined:undefined:undefined":0,"s:13:4:17:Infinity":2,"s:14:6:14:Infinity":3,"s:15:6:15:Infinity":4,"s:16:6:16:Infinity":5,"s:19:4:27:Infinity":6,"s:29:4:31:Infinity":7,"f:29:28:29:34":2,"s:30:6:30:Infinity":8,"s:34:4:56:Infinity":9,"f:35:6:35:13":3,"b:37:10:39:Infinity:40:10:42:Infinity:43:10:45:Infinity:46:10:48:Infinity:49:10:51:Infinity":1,"s:36:8:52:Infinity":10,"s:38:12:38:Infinity":11,"s:39:12:39:Infinity":12,"s:41:12:41:Infinity":13,"s:42:12:42:Infinity":14,"s:44:12:44:Infinity":15,"s:45:12:45:Infinity":16,"s:47:12:47:Infinity":17,"s:48:12:48:Infinity":18,"s:50:12:50:Infinity":19,"s:51:12:51:Infinity":20,"s:58:4:58:Infinity":21,"f:61:15:61:25":4,"b:62:4:64:Infinity:undefined:undefined:undefined:undefined":2,"s:62:4:64:Infinity":22,"s:63:6:63:Infinity":23,"s:66:18:66:Infinity":24,"s:67:25:67:Infinity":25,"s:69:4:69:Infinity":26,"f:72:16:72:29":5,"s:73:4:79:Infinity":27,"s:74:18:74:Infinity":28,"s:75:23:75:Infinity":29,"s:76:6:76:Infinity":30,"s:78:6:78:Infinity":31,"f:82:16:82:31":6,"b:83:4:85:Infinity:undefined:undefined:undefined:undefined":3,"s:83:4:85:Infinity":32,"s:84:6:84:Infinity":33,"s:87:4:124:Infinity":34,"s:89:31:89:Infinity":35,"b:90:6:92:Infinity:undefined:undefined:undefined:undefined":4,"s:90:6:92:Infinity":36,"s:91:8:91:Infinity":37,"s:94:23:94:Infinity":38,"s:97:6:104:Infinity":39,"s:98:23:98:Infinity":40,"s:99:8:103:Infinity":41,"s:100:27:100:Infinity":42,"s:101:10:101:Infinity":43,"s:102:10:102:Infinity":44,"b:106:6:118:Infinity:113:13:118:Infinity":5,"s:106:6:118:Infinity":45,"s:108:32:108:Infinity":46,"s:109:8:112:Infinity":47,"s:114:8:117:Infinity":48,"s:120:6:123:Infinity":49,"f:127:16:127:33":7,"s:128:4:137:Infinity":50,"s:129:6:132:Infinity":51,"s:134:6:134:Infinity":52,"s:136:6:136:Infinity":53,"f:140:16:140:27":8,"s:141:4:148:Infinity":54,"s:142:6:142:Infinity":55,"s:144:6:144:Infinity":56,"s:145:6:145:Infinity":57,"s:147:6:147:Infinity":58,"f:151:10:151:25":9,"s:153:15:170:Infinity":59,"s:173:4:173:Infinity":60,"s:175:4:175:Infinity":61,"f:178:10:178:28":10,"s:180:27:183:Infinity":62,"f:180:27:180:28":11,"s:181:28:181:Infinity":63,"s:182:6:182:Infinity":64,"f:182:24:182:25":12,"s:182:34:182:87":65,"s:185:25:185:Infinity":66,"b:185:40:185:64:185:64:185:66":6,"s:186:22:186:Infinity":67,"b:186:37:186:62:186:62:186:64":7,"s:187:25:187:Infinity":68,"b:187:40:187:64:187:64:187:66":8,"s:188:22:188:Infinity":69,"b:188:37:188:58:188:58:188:60":9,"s:190:23:220:Infinity":70,"f:190:23:190:24":13,"s:191:28:191:Infinity":71,"s:192:29:192:Infinity":72,"b:192:46:192:60:192:60:192:Infinity":10,"s:193:26:193:Infinity":73,"s:194:23:194:Infinity":74,"b:194:23:194:41:194:41:194:Infinity":11,"s:195:28:195:Infinity":75,"b:195:39:195:70:195:70:195:Infinity":12,"s:197:6:216:Infinity":76,"b:206:31:206:74:206:74:206:76":13,"b:211:25:211:88:211:88:211:90":14,"b:212:40:212:112:212:112:212:114":15,"b:216:28:216:150:216:150:216:152":16,"s:222:4:691:Infinity":77,"b:647:14:647:Infinity:648:14:648:Infinity":17,"b:661:14:661:Infinity:662:14:662:Infinity":18,"b:675:14:675:Infinity:676:14:676:Infinity":19,"b:689:14:689:Infinity:690:14:690:Infinity":20,"f:966:10:966:21":14,"s:967:4:972:Infinity":78}}}
,"/Users/decod3rs/www/agenticindiedev/kaiban.md/src/taskParser.ts": {"path":"/Users/decod3rs/www/agenticindiedev/kaiban.md/src/taskParser.ts","statementMap":{"0":{"start":{"line":32,"column":18},"end":{"line":32,"column":null}},"1":{"start":{"line":35,"column":23},"end":{"line":35,"column":null}},"2":{"start":{"line":36,"column":4},"end":{"line":38,"column":null}},"3":{"start":{"line":37,"column":6},"end":{"line":37,"column":null}},"4":{"start":{"line":40,"column":18},"end":{"line":40,"column":null}},"5":{"start":{"line":43,"column":54},"end":{"line":43,"column":null}},"6":{"start":{"line":44,"column":28},"end":{"line":44,"column":null}},"7":{"start":{"line":46,"column":4},"end":{"line":103,"column":null}},"8":{"start":{"line":47,"column":6},"end":{"line":102,"column":null}},"9":{"start":{"line":48,"column":8},"end":{"line":48,"column":null}},"10":{"start":{"line":49,"column":22},"end":{"line":49,"column":null}},"11":{"start":{"line":50,"column":8},"end":{"line":50,"column":null}},"12":{"start":{"line":50,"column":19},"end":{"line":50,"column":null}},"13":{"start":{"line":51,"column":6},"end":{"line":102,"column":null}},"14":{"start":{"line":52,"column":22},"end":{"line":52,"column":null}},"15":{"start":{"line":53,"column":8},"end":{"line":53,"column":null}},"16":{"start":{"line":53,"column":19},"end":{"line":53,"column":null}},"17":{"start":{"line":54,"column":6},"end":{"line":102,"column":null}},"18":{"start":{"line":55,"column":22},"end":{"line":55,"column":null}},"19":{"start":{"line":56,"column":8},"end":{"line":56,"column":null}},"20":{"start":{"line":56,"column":19},"end":{"line":56,"column":null}},"21":{"start":{"line":57,"column":6},"end":{"line":102,"column":null}},"22":{"start":{"line":58,"column":22},"end":{"line":58,"column":null}},"23":{"start":{"line":59,"column":8},"end":{"line":59,"column":null}},"24":{"start":{"line":59,"column":19},"end":{"line":59,"column":null}},"25":{"start":{"line":60,"column":6},"end":{"line":102,"column":null}},"26":{"start":{"line":61,"column":22},"end":{"line":61,"column":null}},"27":{"start":{"line":62,"column":8},"end":{"line":62,"column":null}},"28":{"start":{"line":62,"column":19},"end":{"line":62,"column":null}},"29":{"start":{"line":63,"column":6},"end":{"line":102,"column":null}},"30":{"start":{"line":64,"column":22},"end":{"line":64,"column":null}},"31":{"start":{"line":65,"column":8},"end":{"line":65,"column":null}},"32":{"start":{"line":65,"column":19},"end":{"line":65,"column":null}},"33":{"start":{"line":66,"column":6},"end":{"line":102,"column":null}},"34":{"start":{"line":67,"column":22},"end":{"line":67,"column":null}},"35":{"start":{"line":68,"column":8},"end":{"line":68,"column":null}},"36":{"start":{"line":68,"column":19},"end":{"line":68,"column":null}},"37":{"start":{"line":69,"column":6},"end":{"line":102,"column":null}},"38":{"start":{"line":70,"column":22},"end":{"line":70,"column":null}},"39":{"start":{"line":71,"column":8},"end":{"line":71,"column":null}},"40":{"start":{"line":71,"column":19},"end":{"line":71,"column":null}},"41":{"start":{"line":72,"column":6},"end":{"line":102,"column":null}},"42":{"start":{"line":73,"column":22},"end":{"line":73,"column":null}},"43":{"start":{"line":74,"column":8},"end":{"line":74,"column":null}},"44":{"start":{"line":74,"column":19},"end":{"line":74,"column":null}},"45":{"start":{"line":75,"column":6},"end":{"line":102,"column":null}},"46":{"start":{"line":76,"column":22},"end":{"line":76,"column":null}},"47":{"start":{"line":77,"column":8},"end":{"line":77,"column":null}},"48":{"start":{"line":77,"column":19},"end":{"line":77,"column":null}},"49":{"start":{"line":78,"column":6},"end":{"line":102,"column":null}},"50":{"start":{"line":79,"column":22},"end":{"line":79,"column":null}},"51":{"start":{"line":80,"column":8},"end":{"line":80,"column":null}},"52":{"start":{"line":80,"column":19},"end":{"line":80,"column":null}},"53":{"start":{"line":81,"column":6},"end":{"line":102,"column":null}},"54":{"start":{"line":82,"column":22},"end":{"line":82,"column":null}},"55":{"start":{"line":83,"column":8},"end":{"line":83,"column":null}},"56":{"start":{"line":83,"column":19},"end":{"line":83,"column":null}},"57":{"start":{"line":84,"column":6},"end":{"line":102,"column":null}},"58":{"start":{"line":85,"column":22},"end":{"line":85,"column":null}},"59":{"start":{"line":86,"column":8},"end":{"line":86,"column":null}},"60":{"start":{"line":86,"column":19},"end":{"line":86,"column":null}},"61":{"start":{"line":87,"column":6},"end":{"line":102,"column":null}},"62":{"start":{"line":89,"column":36},"end":{"line":89,"column":null}},"63":{"start":{"line":90,"column":22},"end":{"line":90,"column":null}},"64":{"start":{"line":91,"column":8},"end":{"line":98,"column":null}},"65":{"start":{"line":96,"column":10},"end":{"line":96,"column":null}},"66":{"start":{"line":96,"column":37},"end":{"line":96,"column":null}},"67":{"start":{"line":97,"column":10},"end":{"line":97,"column":null}},"68":{"start":{"line":99,"column":8},"end":{"line":99,"column":null}},"69":{"start":{"line":100,"column":6},"end":{"line":102,"column":null}},"70":{"start":{"line":101,"column":8},"end":{"line":101,"column":null}},"71":{"start":{"line":106,"column":22},"end":{"line":106,"column":null}},"72":{"start":{"line":108,"column":4},"end":{"line":127,"column":null}},"73":{"start":{"line":134,"column":29},"end":{"line":134,"column":null}},"74":{"start":{"line":135,"column":4},"end":{"line":137,"column":null}},"75":{"start":{"line":136,"column":6},"end":{"line":136,"column":null}},"76":{"start":{"line":139,"column":64},"end":{"line":139,"column":null}},"77":{"start":{"line":141,"column":4},"end":{"line":150,"column":null}},"78":{"start":{"line":142,"column":23},"end":{"line":142,"column":null}},"79":{"start":{"line":144,"column":6},"end":{"line":146,"column":null}},"80":{"start":{"line":145,"column":8},"end":{"line":145,"column":null}},"81":{"start":{"line":149,"column":6},"end":{"line":149,"column":null}},"82":{"start":{"line":152,"column":4},"end":{"line":152,"column":null}},"83":{"start":{"line":163,"column":4},"end":{"line":165,"column":null}},"84":{"start":{"line":164,"column":6},"end":{"line":164,"column":null}},"85":{"start":{"line":167,"column":18},"end":{"line":167,"column":null}},"86":{"start":{"line":169,"column":4},"end":{"line":181,"column":null}},"87":{"start":{"line":170,"column":23},"end":{"line":170,"column":null}},"88":{"start":{"line":172,"column":6},"end":{"line":180,"column":null}},"89":{"start":{"line":174,"column":8},"end":{"line":174,"column":null}},"90":{"start":{"line":175,"column":6},"end":{"line":180,"column":null}},"91":{"start":{"line":176,"column":8},"end":{"line":179,"column":null}},"92":{"start":{"line":188,"column":22},"end":{"line":188,"column":null}},"93":{"start":{"line":189,"column":26},"end":{"line":189,"column":null}},"94":{"start":{"line":191,"column":4},"end":{"line":203,"column":null}},"95":{"start":{"line":192,"column":6},"end":{"line":202,"column":null}},"96":{"start":{"line":193,"column":24},"end":{"line":193,"column":null}},"97":{"start":{"line":196,"column":21},"end":{"line":196,"column":null}},"98":{"start":{"line":197,"column":8},"end":{"line":199,"column":null}},"99":{"start":{"line":198,"column":10},"end":{"line":198,"column":null}},"100":{"start":{"line":201,"column":8},"end":{"line":201,"column":null}},"101":{"start":{"line":205,"column":4},"end":{"line":205,"column":null}},"102":{"start":{"line":212,"column":44},"end":{"line":217,"column":null}},"103":{"start":{"line":219,"column":4},"end":{"line":223,"column":null}},"104":{"start":{"line":220,"column":6},"end":{"line":222,"column":null}},"105":{"start":{"line":221,"column":8},"end":{"line":221,"column":null}},"106":{"start":{"line":225,"column":4},"end":{"line":225,"column":null}},"107":{"start":{"line":232,"column":20},"end":{"line":242,"column":null}},"108":{"start":{"line":247,"column":4},"end":{"line":247,"column":null}},"109":{"start":{"line":257,"column":18},"end":{"line":257,"column":null}},"110":{"start":{"line":258,"column":17},"end":{"line":258,"column":null}},"111":{"start":{"line":258,"column":35},"end":{"line":258,"column":50}},"112":{"start":{"line":260,"column":4},"end":{"line":262,"column":null}},"113":{"start":{"line":261,"column":6},"end":{"line":261,"column":null}},"114":{"start":{"line":265,"column":20},"end":{"line":265,"column":null}},"115":{"start":{"line":266,"column":18},"end":{"line":266,"column":null}},"116":{"start":{"line":269,"column":10},"end":{"line":269,"column":null}},"117":{"start":{"line":270,"column":25},"end":{"line":277,"column":null}},"118":{"start":{"line":271,"column":6},"end":{"line":275,"column":null}},"119":{"start":{"line":272,"column":8},"end":{"line":272,"column":null}},"120":{"start":{"line":273,"column":6},"end":{"line":275,"column":null}},"121":{"start":{"line":274,"column":8},"end":{"line":274,"column":null}},"122":{"start":{"line":276,"column":6},"end":{"line":276,"column":null}},"123":{"start":{"line":280,"column":4},"end":{"line":280,"column":null}},"124":{"start":{"line":287,"column":18},"end":{"line":287,"column":null}},"125":{"start":{"line":288,"column":17},"end":{"line":288,"column":null}},"126":{"start":{"line":288,"column":35},"end":{"line":288,"column":50}},"127":{"start":{"line":290,"column":4},"end":{"line":292,"column":null}},"128":{"start":{"line":291,"column":6},"end":{"line":291,"column":null}},"129":{"start":{"line":295,"column":20},"end":{"line":295,"column":null}},"130":{"start":{"line":296,"column":18},"end":{"line":296,"column":null}},"131":{"start":{"line":299,"column":10},"end":{"line":299,"column":null}},"132":{"start":{"line":300,"column":30},"end":{"line":300,"column":null}},"133":{"start":{"line":301,"column":25},"end":{"line":301,"column":null}},"134":{"start":{"line":303,"column":25},"end":{"line":321,"column":null}},"135":{"start":{"line":304,"column":6},"end":{"line":319,"column":null}},"136":{"start":{"line":305,"column":8},"end":{"line":305,"column":null}},"137":{"start":{"line":306,"column":6},"end":{"line":319,"column":null}},"138":{"start":{"line":307,"column":8},"end":{"line":307,"column":null}},"139":{"start":{"line":308,"column":6},"end":{"line":319,"column":null}},"140":{"start":{"line":309,"column":8},"end":{"line":309,"column":null}},"141":{"start":{"line":310,"column":6},"end":{"line":319,"column":null}},"142":{"start":{"line":311,"column":8},"end":{"line":311,"column":null}},"143":{"start":{"line":312,"column":6},"end":{"line":319,"column":null}},"144":{"start":{"line":313,"column":8},"end":{"line":313,"column":null}},"145":{"start":{"line":314,"column":6},"end":{"line":319,"column":null}},"146":{"start":{"line":315,"column":8},"end":{"line":315,"column":null}},"147":{"start":{"line":316,"column":6},"end":{"line":319,"column":null}},"148":{"start":{"line":317,"column":8},"end":{"line":317,"column":null}},"149":{"start":{"line":318,"column":8},"end":{"line":318,"column":null}},"150":{"start":{"line":320,"column":6},"end":{"line":320,"column":null}},"151":{"start":{"line":324,"column":4},"end":{"line":324,"column":null}}},"fnMap":{"0":{"name":"(anonymous_0)","decl":{"start":{"line":31,"column":10},"end":{"line":31,"column":30}},"loc":{"start":{"line":31,"column":99},"end":{"line":128,"column":null}},"line":31},"1":{"name":"(anonymous_1)","decl":{"start":{"line":133,"column":16},"end":{"line":133,"column":83}},"loc":{"start":{"line":133,"column":83},"end":{"line":153,"column":null}},"line":133},"2":{"name":"(anonymous_2)","decl":{"start":{"line":158,"column":10},"end":{"line":158,"column":null}},"loc":{"start":{"line":162,"column":10},"end":{"line":182,"column":null}},"line":162},"3":{"name":"(anonymous_3)","decl":{"start":{"line":187,"column":15},"end":{"line":187,"column":45}},"loc":{"start":{"line":187,"column":45},"end":{"line":206,"column":null}},"line":187},"4":{"name":"(anonymous_4)","decl":{"start":{"line":211,"column":9},"end":{"line":211,"column":23}},"loc":{"start":{"line":211,"column":62},"end":{"line":226,"column":null}},"line":211},"5":{"name":"(anonymous_5)","decl":{"start":{"line":231,"column":9},"end":{"line":231,"column":19}},"loc":{"start":{"line":231,"column":37},"end":{"line":248,"column":null}},"line":231},"6":{"name":"(anonymous_6)","decl":{"start":{"line":253,"column":15},"end":{"line":253,"column":null}},"loc":{"start":{"line":256,"column":19},"end":{"line":281,"column":null}},"line":256},"7":{"name":"(anonymous_7)","decl":{"start":{"line":258,"column":28},"end":{"line":258,"column":29}},"loc":{"start":{"line":258,"column":35},"end":{"line":258,"column":50}},"line":258},"8":{"name":"(anonymous_8)","decl":{"start":{"line":270,"column":35},"end":{"line":270,"column":36}},"loc":{"start":{"line":270,"column":45},"end":{"line":277,"column":5}},"line":270},"9":{"name":"(anonymous_9)","decl":{"start":{"line":286,"column":15},"end":{"line":286,"column":26}},"loc":{"start":{"line":286,"column":71},"end":{"line":325,"column":null}},"line":286},"10":{"name":"(anonymous_10)","decl":{"start":{"line":288,"column":28},"end":{"line":288,"column":29}},"loc":{"start":{"line":288,"column":35},"end":{"line":288,"column":50}},"line":288},"11":{"name":"(anonymous_11)","decl":{"start":{"line":303,"column":35},"end":{"line":303,"column":36}},"loc":{"start":{"line":303,"column":51},"end":{"line":321,"column":5}},"line":303}},"branchMap":{"0":{"loc":{"start":{"line":36,"column":4},"end":{"line":38,"column":null}},"type":"if","locations":[{"start":{"line":36,"column":4},"end":{"line":38,"column":null}},{"start":{},"end":{}}],"line":36},"1":{"loc":{"start":{"line":47,"column":6},"end":{"line":102,"column":null}},"type":"if","locations":[{"start":{"line":47,"column":6},"end":{"line":102,"column":null}},{"start":{"line":51,"column":6},"end":{"line":102,"column":null}}],"line":47},"2":{"loc":{"start":{"line":50,"column":8},"end":{"line":50,"column":null}},"type":"if","locations":[{"start":{"line":50,"column":8},"end":{"line":50,"column":null}},{"start":{},"end":{}}],"line":50},"3":{"loc":{"start":{"line":51,"column":6},"end":{"line":102,"column":null}},"type":"if","locations":[{"start":{"line":51,"column":6},"end":{"line":102,"column":null}},{"start":{"line":54,"column":6},"end":{"line":102,"column":null}}],"line":51},"4":{"loc":{"start":{"line":53,"column":8},"end":{"line":53,"column":null}},"type":"if","locations":[{"start":{"line":53,"column":8},"end":{"line":53,"column":null}},{"start":{},"end":{}}],"line":53},"5":{"loc":{"start":{"line":54,"column":6},"end":{"line":102,"column":null}},"type":"if","locations":[{"start":{"line":54,"column":6},"end":{"line":102,"column":null}},{"start":{"line":57,"column":6},"end":{"line":102,"column":null}}],"line":54},"6":{"loc":{"start":{"line":56,"column":8},"end":{"line":56,"column":null}},"type":"if","locations":[{"start":{"line":56,"column":8},"end":{"line":56,"column":null}},{"start":{},"end":{}}],"line":56},"7":{"loc":{"start":{"line":57,"column":6},"end":{"line":102,"column":null}},"type":"if","locations":[{"start":{"line":57,"column":6},"end":{"line":102,"column":null}},{"start":{"line":60,"column":6},"end":{"line":102,"column":null}}],"line":57},"8":{"loc":{"start":{"line":59,"column":8},"end":{"line":59,"column":null}},"type":"if","locations":[{"start":{"line":59,"column":8},"end":{"line":59,"column":null}},{"start":{},"end":{}}],"line":59},"9":{"loc":{"start":{"line":60,"column":6},"end":{"line":102,"column":null}},"type":"if","locations":[{"start":{"line":60,"column":6},"end":{"line":102,"column":null}},{"start":{"line":63,"column":6},"end":{"line":102,"column":null}}],"line":60},"10":{"loc":{"start":{"line":62,"column":8},"end":{"line":62,"column":null}},"type":"if","locations":[{"start":{"line":62,"column":8},"end":{"line":62,"column":null}},{"start":{},"end":{}}],"line":62},"11":{"loc":{"start":{"line":63,"column":6},"end":{"line":102,"column":null}},"type":"if","locations":[{"start":{"line":63,"column":6},"end":{"line":102,"column":null}},{"start":{"line":66,"column":6},"end":{"line":102,"column":null}}],"line":63},"12":{"loc":{"start":{"line":65,"column":8},"end":{"line":65,"column":null}},"type":"if","locations":[{"start":{"line":65,"column":8},"end":{"line":65,"column":null}},{"start":{},"end":{}}],"line":65},"13":{"loc":{"start":{"line":66,"column":6},"end":{"line":102,"column":null}},"type":"if","locations":[{"start":{"line":66,"column":6},"end":{"line":102,"column":null}},{"start":{"line":69,"column":6},"end":{"line":102,"column":null}}],"line":66},"14":{"loc":{"start":{"line":68,"column":8},"end":{"line":68,"column":null}},"type":"if","locations":[{"start":{"line":68,"column":8},"end":{"line":68,"column":null}},{"start":{},"end":{}}],"line":68},"15":{"loc":{"start":{"line":69,"column":6},"end":{"line":102,"column":null}},"type":"if","locations":[{"start":{"line":69,"column":6},"end":{"line":102,"column":null}},{"start":{"line":72,"column":6},"end":{"line":102,"column":null}}],"line":69},"16":{"loc":{"start":{"line":71,"column":8},"end":{"line":71,"column":null}},"type":"if","locations":[{"start":{"line":71,"column":8},"end":{"line":71,"column":null}},{"start":{},"end":{}}],"line":71},"17":{"loc":{"start":{"line":72,"column":6},"end":{"line":102,"column":null}},"type":"if","locations":[{"start":{"line":72,"column":6},"end":{"line":102,"column":null}},{"start":{"line":75,"column":6},"end":{"line":102,"column":null}}],"line":72},"18":{"loc":{"start":{"line":74,"column":8},"end":{"line":74,"column":null}},"type":"if","locations":[{"start":{"line":74,"column":8},"end":{"line":74,"column":null}},{"start":{},"end":{}}],"line":74},"19":{"loc":{"start":{"line":75,"column":6},"end":{"line":102,"column":null}},"type":"if","locations":[{"start":{"line":75,"column":6},"end":{"line":102,"column":null}},{"start":{"line":78,"column":6},"end":{"line":102,"column":null}}],"line":75},"20":{"loc":{"start":{"line":77,"column":8},"end":{"line":77,"column":null}},"type":"if","locations":[{"start":{"line":77,"column":8},"end":{"line":77,"column":null}},{"start":{},"end":{}}],"line":77},"21":{"loc":{"start":{"line":78,"column":6},"end":{"line":102,"column":null}},"type":"if","locations":[{"start":{"line":78,"column":6},"end":{"line":102,"column":null}},{"start":{"line":81,"column":6},"end":{"line":102,"column":null}}],"line":78},"22":{"loc":{"start":{"line":80,"column":8},"end":{"line":80,"column":null}},"type":"if","locations":[{"start":{"line":80,"column":8},"end":{"line":80,"column":null}},{"start":{},"end":{}}],"line":80},"23":{"loc":{"start":{"line":81,"column":6},"end":{"line":102,"column":null}},"type":"if","locations":[{"start":{"line":81,"column":6},"end":{"line":102,"column":null}},{"start":{"line":84,"column":6},"end":{"line":102,"column":null}}],"line":81},"24":{"loc":{"start":{"line":83,"column":8},"end":{"line":83,"column":null}},"type":"if","locations":[{"start":{"line":83,"column":8},"end":{"line":83,"column":null}},{"start":{},"end":{}}],"line":83},"25":{"loc":{"start":{"line":84,"column":6},"end":{"line":102,"column":null}},"type":"if","locations":[{"start":{"line":84,"column":6},"end":{"line":102,"column":null}},{"start":{"line":87,"column":6},"end":{"line":102,"column":null}}],"line":84},"26":{"loc":{"start":{"line":86,"column":8},"end":{"line":86,"column":null}},"type":"if","locations":[{"start":{"line":86,"column":8},"end":{"line":86,"column":null}},{"start":{},"end":{}}],"line":86},"27":{"loc":{"start":{"line":87,"column":6},"end":{"line":102,"column":null}},"type":"if","locations":[{"start":{"line":87,"column":6},"end":{"line":102,"column":null}},{"start":{"line":100,"column":6},"end":{"line":102,"column":null}}],"line":87},"28":{"loc":{"start":{"line":92,"column":10},"end":{"line":94,"column":null}},"type":"binary-expr","locations":[{"start":{"line":92,"column":10},"end":{"line":92,"column":null}},{"start":{"line":93,"column":10},"end":{"line":93,"column":null}},{"start":{"line":94,"column":10},"end":{"line":94,"column":null}}],"line":92},"29":{"loc":{"start":{"line":96,"column":10},"end":{"line":96,"column":null}},"type":"if","locations":[{"start":{"line":96,"column":10},"end":{"line":96,"column":null}},{"start":{},"end":{}}],"line":96},"30":{"loc":{"start":{"line":100,"column":6},"end":{"line":102,"column":null}},"type":"if","locations":[{"start":{"line":100,"column":6},"end":{"line":102,"column":null}},{"start":{},"end":{}}],"line":100},"31":{"loc":{"start":{"line":100,"column":17},"end":{"line":100,"column":62}},"type":"binary-expr","locations":[{"start":{"line":100,"column":17},"end":{"line":100,"column":43}},{"start":{"line":100,"column":43},"end":{"line":100,"column":62}}],"line":100},"32":{"loc":{"start":{"line":109,"column":17},"end":{"line":109,"column":34}},"type":"binary-expr","locations":[{"start":{"line":109,"column":17},"end":{"line":109,"column":32}},{"start":{"line":109,"column":32},"end":{"line":109,"column":34}}],"line":109},"33":{"loc":{"start":{"line":110,"column":20},"end":{"line":110,"column":43}},"type":"binary-expr","locations":[{"start":{"line":110,"column":20},"end":{"line":110,"column":38}},{"start":{"line":110,"column":38},"end":{"line":110,"column":43}}],"line":110},"34":{"loc":{"start":{"line":111,"column":26},"end":{"line":111,"column":52}},"type":"binary-expr","locations":[{"start":{"line":111,"column":26},"end":{"line":111,"column":50}},{"start":{"line":111,"column":50},"end":{"line":111,"column":52}}],"line":111},"35":{"loc":{"start":{"line":112,"column":19},"end":{"line":112,"column":42}},"type":"binary-expr","locations":[{"start":{"line":112,"column":19},"end":{"line":112,"column":36}},{"start":{"line":112,"column":36},"end":{"line":112,"column":42}}],"line":112},"36":{"loc":{"start":{"line":113,"column":15},"end":{"line":113,"column":null}},"type":"binary-expr","locations":[{"start":{"line":113,"column":15},"end":{"line":113,"column":53}},{"start":{"line":113,"column":53},"end":{"line":113,"column":null}}],"line":113},"37":{"loc":{"start":{"line":114,"column":17},"end":{"line":114,"column":null}},"type":"binary-expr","locations":[{"start":{"line":114,"column":17},"end":{"line":114,"column":59}},{"start":{"line":114,"column":59},"end":{"line":114,"column":null}}],"line":114},"38":{"loc":{"start":{"line":115,"column":22},"end":{"line":115,"column":44}},"type":"binary-expr","locations":[{"start":{"line":115,"column":22},"end":{"line":115,"column":42}},{"start":{"line":115,"column":42},"end":{"line":115,"column":44}}],"line":115},"39":{"loc":{"start":{"line":116,"column":22},"end":{"line":116,"column":44}},"type":"binary-expr","locations":[{"start":{"line":116,"column":22},"end":{"line":116,"column":42}},{"start":{"line":116,"column":42},"end":{"line":116,"column":44}}],"line":116},"40":{"loc":{"start":{"line":117,"column":22},"end":{"line":117,"column":40}},"type":"binary-expr","locations":[{"start":{"line":117,"column":22},"end":{"line":117,"column":38}},{"start":{"line":117,"column":38},"end":{"line":117,"column":40}}],"line":117},"41":{"loc":{"start":{"line":122,"column":24},"end":{"line":122,"column":48}},"type":"binary-expr","locations":[{"start":{"line":122,"column":24},"end":{"line":122,"column":46}},{"start":{"line":122,"column":46},"end":{"line":122,"column":48}}],"line":122},"42":{"loc":{"start":{"line":123,"column":24},"end":{"line":123,"column":48}},"type":"binary-expr","locations":[{"start":{"line":123,"column":24},"end":{"line":123,"column":46}},{"start":{"line":123,"column":46},"end":{"line":123,"column":48}}],"line":123},"43":{"loc":{"start":{"line":124,"column":26},"end":{"line":124,"column":52}},"type":"binary-expr","locations":[{"start":{"line":124,"column":26},"end":{"line":124,"column":50}},{"start":{"line":124,"column":50},"end":{"line":124,"column":52}}],"line":124},"44":{"loc":{"start":{"line":125,"column":23},"end":{"line":125,"column":null}},"type":"binary-expr","locations":[{"start":{"line":125,"column":23},"end":{"line":125,"column":61}},{"start":{"line":125,"column":61},"end":{"line":125,"column":null}}],"line":125},"45":{"loc":{"start":{"line":126,"column":25},"end":{"line":126,"column":50}},"type":"binary-expr","locations":[{"start":{"line":126,"column":25},"end":{"line":126,"column":48}},{"start":{"line":126,"column":48},"end":{"line":126,"column":50}}],"line":126},"46":{"loc":{"start":{"line":135,"column":4},"end":{"line":137,"column":null}},"type":"if","locations":[{"start":{"line":135,"column":4},"end":{"line":137,"column":null}},{"start":{},"end":{}}],"line":135},"47":{"loc":{"start":{"line":144,"column":6},"end":{"line":146,"column":null}},"type":"if","locations":[{"start":{"line":144,"column":6},"end":{"line":146,"column":null}},{"start":{},"end":{}}],"line":144},"48":{"loc":{"start":{"line":163,"column":4},"end":{"line":165,"column":null}},"type":"if","locations":[{"start":{"line":163,"column":4},"end":{"line":165,"column":null}},{"start":{},"end":{}}],"line":163},"49":{"loc":{"start":{"line":172,"column":6},"end":{"line":180,"column":null}},"type":"if","locations":[{"start":{"line":172,"column":6},"end":{"line":180,"column":null}},{"start":{"line":175,"column":6},"end":{"line":180,"column":null}}],"line":172},"50":{"loc":{"start":{"line":175,"column":6},"end":{"line":180,"column":null}},"type":"if","locations":[{"start":{"line":175,"column":6},"end":{"line":180,"column":null}},{"start":{},"end":{}}],"line":175},"51":{"loc":{"start":{"line":175,"column":17},"end":{"line":175,"column":90}},"type":"binary-expr","locations":[{"start":{"line":175,"column":17},"end":{"line":175,"column":34}},{"start":{"line":175,"column":34},"end":{"line":175,"column":63}},{"start":{"line":175,"column":63},"end":{"line":175,"column":90}}],"line":175},"52":{"loc":{"start":{"line":197,"column":8},"end":{"line":199,"column":null}},"type":"if","locations":[{"start":{"line":197,"column":8},"end":{"line":199,"column":null}},{"start":{},"end":{}}],"line":197},"53":{"loc":{"start":{"line":220,"column":6},"end":{"line":222,"column":null}},"type":"if","locations":[{"start":{"line":220,"column":6},"end":{"line":222,"column":null}},{"start":{},"end":{}}],"line":220},"54":{"loc":{"start":{"line":260,"column":4},"end":{"line":262,"column":null}},"type":"if","locations":[{"start":{"line":260,"column":4},"end":{"line":262,"column":null}},{"start":{},"end":{}}],"line":260},"55":{"loc":{"start":{"line":271,"column":6},"end":{"line":275,"column":null}},"type":"if","locations":[{"start":{"line":271,"column":6},"end":{"line":275,"column":null}},{"start":{"line":273,"column":6},"end":{"line":275,"column":null}}],"line":271},"56":{"loc":{"start":{"line":273,"column":6},"end":{"line":275,"column":null}},"type":"if","locations":[{"start":{"line":273,"column":6},"end":{"line":275,"column":null}},{"start":{},"end":{}}],"line":273},"57":{"loc":{"start":{"line":290,"column":4},"end":{"line":292,"column":null}},"type":"if","locations":[{"start":{"line":290,"column":4},"end":{"line":292,"column":null}},{"start":{},"end":{}}],"line":290},"58":{"loc":{"start":{"line":304,"column":6},"end":{"line":319,"column":null}},"type":"if","locations":[{"start":{"line":304,"column":6},"end":{"line":319,"column":null}},{"start":{"line":306,"column":6},"end":{"line":319,"column":null}}],"line":304},"59":{"loc":{"start":{"line":306,"column":6},"end":{"line":319,"column":null}},"type":"if","locations":[{"start":{"line":306,"column":6},"end":{"line":319,"column":null}},{"start":{"line":308,"column":6},"end":{"line":319,"column":null}}],"line":306},"60":{"loc":{"start":{"line":308,"column":6},"end":{"line":319,"column":null}},"type":"if","locations":[{"start":{"line":308,"column":6},"end":{"line":319,"column":null}},{"start":{"line":310,"column":6},"end":{"line":319,"column":null}}],"line":308},"61":{"loc":{"start":{"line":310,"column":6},"end":{"line":319,"column":null}},"type":"if","locations":[{"start":{"line":310,"column":6},"end":{"line":319,"column":null}},{"start":{"line":312,"column":6},"end":{"line":319,"column":null}}],"line":310},"62":{"loc":{"start":{"line":312,"column":6},"end":{"line":319,"column":null}},"type":"if","locations":[{"start":{"line":312,"column":6},"end":{"line":319,"column":null}},{"start":{"line":314,"column":6},"end":{"line":319,"column":null}}],"line":312},"63":{"loc":{"start":{"line":314,"column":6},"end":{"line":319,"column":null}},"type":"if","locations":[{"start":{"line":314,"column":6},"end":{"line":319,"column":null}},{"start":{"line":316,"column":6},"end":{"line":319,"column":null}}],"line":314},"64":{"loc":{"start":{"line":316,"column":6},"end":{"line":319,"column":null}},"type":"if","locations":[{"start":{"line":316,"column":6},"end":{"line":319,"column":null}},{"start":{},"end":{}}],"line":316},"65":{"loc":{"start":{"line":316,"column":17},"end":{"line":316,"column":72}},"type":"binary-expr","locations":[{"start":{"line":316,"column":17},"end":{"line":316,"column":55}},{"start":{"line":316,"column":55},"end":{"line":316,"column":72}}],"line":316}},"s":{"0":13,"1":13,"2":13,"3":1,"4":12,"5":12,"6":12,"7":12,"8":94,"9":12,"10":12,"11":12,"12":12,"13":82,"14":1,"15":1,"16":1,"17":81,"18":1,"19":1,"20":1,"21":80,"22":1,"23":1,"24":1,"25":79,"26":7,"27":7,"28":7,"29":72,"30":1,"31":1,"32":1,"33":71,"34":1,"35":1,"36":1,"37":70,"38":4,"39":4,"40":4,"41":66,"42":1,"43":1,"44":1,"45":65,"46":3,"47":3,"48":3,"49":62,"50":3,"51":3,"52":3,"53":59,"54":3,"55":3,"56":3,"57":56,"58":3,"59":3,"60":3,"61":53,"62":1,"63":1,"64":1,"65":3,"66":2,"67":3,"68":1,"69":52,"70":12,"71":12,"72":12,"73":19,"74":19,"75":1,"76":18,"77":18,"78":17,"79":17,"80":1,"81":16,"82":18,"83":17,"84":1,"85":16,"86":16,"87":16,"88":16,"89":1,"90":15,"91":14,"92":19,"93":19,"94":19,"95":14,"96":14,"97":14,"98":14,"99":12,"100":1,"101":19,"102":3,"103":3,"104":7,"105":6,"106":3,"107":1,"108":1,"109":2,"110":2,"111":1,"112":2,"113":1,"114":1,"115":1,"116":1,"117":1,"118":7,"119":1,"120":6,"121":1,"122":5,"123":1,"124":3,"125":3,"126":2,"127":3,"128":1,"129":2,"130":2,"131":2,"132":2,"133":2,"134":2,"135":24,"136":2,"137":22,"138":2,"139":20,"140":2,"141":18,"142":2,"143":16,"144":2,"145":14,"146":2,"147":12,"148":2,"149":2,"150":10,"151":2},"f":{"0":13,"1":19,"2":17,"3":19,"4":3,"5":1,"6":2,"7":1,"8":7,"9":3,"10":2,"11":24},"b":{"0":[1,12],"1":[12,82],"2":[12,0],"3":[1,81],"4":[1,0],"5":[1,80],"6":[1,0],"7":[1,79],"8":[1,0],"9":[7,72],"10":[7,0],"11":[1,71],"12":[1,0],"13":[1,70],"14":[1,0],"15":[4,66],"16":[4,0],"17":[1,65],"18":[1,0],"19":[3,62],"20":[3,0],"21":[3,59],"22":[3,0],"23":[3,56],"24":[3,0],"25":[3,53],"26":[3,0],"27":[1,52],"28":[1,4,4],"29":[2,1],"30":[12,40],"31":[52,12],"32":[12,0],"33":[13,11],"34":[13,11],"35":[13,11],"36":[13,5],"37":[13,11],"38":[13,11],"39":[13,8],"40":[13,11],"41":[13,9],"42":[13,9],"43":[13,9],"44":[13,10],"45":[13,11],"46":[1,18],"47":[1,16],"48":[1,16],"49":[1,15],"50":[14,1],"51":[15,15,15],"52":[12,2],"53":[6,1],"54":[1,1],"55":[1,6],"56":[1,5],"57":[1,2],"58":[2,22],"59":[2,20],"60":[2,18],"61":[2,16],"62":[2,14],"63":[2,12],"64":[2,10],"65":[12,2]},"meta":{"lastBranch":66,"lastFunction":12,"lastStatement":152,"seen":{"f:31:10:31:30":0,"s:32:18:32:Infinity":0,"s:35:23:35:Infinity":1,"b:36:4:38:Infinity:undefined:undefined:undefined:undefined":0,"s:36:4:38:Infinity":2,"s:37:6:37:Infinity":3,"s:40:18:40:Infinity":4,"s:43:54:43:Infinity":5,"s:44:28:44:Infinity":6,"s:46:4:103:Infinity":7,"b:47:6:102:Infinity:51:6:102:Infinity":1,"s:47:6:102:Infinity":8,"s:48:8:48:Infinity":9,"s:49:22:49:Infinity":10,"b:50:8:50:Infinity:undefined:undefined:undefined:undefined":2,"s:50:8:50:Infinity":11,"s:50:19:50:Infinity":12,"b:51:6:102:Infinity:54:6:102:Infinity":3,"s:51:6:102:Infinity":13,"s:52:22:52:Infinity":14,"b:53:8:53:Infinity:undefined:undefined:undefined:undefined":4,"s:53:8:53:Infinity":15,"s:53:19:53:Infinity":16,"b:54:6:102:Infinity:57:6:102:Infinity":5,"s:54:6:102:Infinity":17,"s:55:22:55:Infinity":18,"b:56:8:56:Infinity:undefined:undefined:undefined:undefined":6,"s:56:8:56:Infinity":19,"s:56:19:56:Infinity":20,"b:57:6:102:Infinity:60:6:102:Infinity":7,"s:57:6:102:Infinity":21,"s:58:22:58:Infinity":22,"b:59:8:59:Infinity:undefined:undefined:undefined:undefined":8,"s:59:8:59:Infinity":23,"s:59:19:59:Infinity":24,"b:60:6:102:Infinity:63:6:102:Infinity":9,"s:60:6:102:Infinity":25,"s:61:22:61:Infinity":26,"b:62:8:62:Infinity:undefined:undefined:undefined:undefined":10,"s:62:8:62:Infinity":27,"s:62:19:62:Infinity":28,"b:63:6:102:Infinity:66:6:102:Infinity":11,"s:63:6:102:Infinity":29,"s:64:22:64:Infinity":30,"b:65:8:65:Infinity:undefined:undefined:undefined:undefined":12,"s:65:8:65:Infinity":31,"s:65:19:65:Infinity":32,"b:66:6:102:Infinity:69:6:102:Infinity":13,"s:66:6:102:Infinity":33,"s:67:22:67:Infinity":34,"b:68:8:68:Infinity:undefined:undefined:undefined:undefined":14,"s:68:8:68:Infinity":35,"s:68:19:68:Infinity":36,"b:69:6:102:Infinity:72:6:102:Infinity":15,"s:69:6:102:Infinity":37,"s:70:22:70:Infinity":38,"b:71:8:71:Infinity:undefined:undefined:undefined:undefined":16,"s:71:8:71:Infinity":39,"s:71:19:71:Infinity":40,"b:72:6:102:Infinity:75:6:102:Infinity":17,"s:72:6:102:Infinity":41,"s:73:22:73:Infinity":42,"b:74:8:74:Infinity:undefined:undefined:undefined:undefined":18,"s:74:8:74:Infinity":43,"s:74:19:74:Infinity":44,"b:75:6:102:Infinity:78:6:102:Infinity":19,"s:75:6:102:Infinity":45,"s:76:22:76:Infinity":46,"b:77:8:77:Infinity:undefined:undefined:undefined:undefined":20,"s:77:8:77:Infinity":47,"s:77:19:77:Infinity":48,"b:78:6:102:Infinity:81:6:102:Infinity":21,"s:78:6:102:Infinity":49,"s:79:22:79:Infinity":50,"b:80:8:80:Infinity:undefined:undefined:undefined:undefined":22,"s:80:8:80:Infinity":51,"s:80:19:80:Infinity":52,"b:81:6:102:Infinity:84:6:102:Infinity":23,"s:81:6:102:Infinity":53,"s:82:22:82:Infinity":54,"b:83:8:83:Infinity:undefined:undefined:undefined:undefined":24,"s:83:8:83:Infinity":55,"s:83:19:83:Infinity":56,"b:84:6:102:Infinity:87:6:102:Infinity":25,"s:84:6:102:Infinity":57,"s:85:22:85:Infinity":58,"b:86:8:86:Infinity:undefined:undefined:undefined:undefined":26,"s:86:8:86:Infinity":59,"s:86:19:86:Infinity":60,"b:87:6:102:Infinity:100:6:102:Infinity":27,"s:87:6:102:Infinity":61,"s:89:36:89:Infinity":62,"s:90:22:90:Infinity":63,"s:91:8:98:Infinity":64,"b:92:10:92:Infinity:93:10:93:Infinity:94:10:94:Infinity":28,"b:96:10:96:Infinity:undefined:undefined:undefined:undefined":29,"s:96:10:96:Infinity":65,"s:96:37:96:Infinity":66,"s:97:10:97:Infinity":67,"s:99:8:99:Infinity":68,"b:100:6:102:Infinity:undefined:undefined:undefined:undefined":30,"s:100:6:102:Infinity":69,"b:100:17:100:43:100:43:100:62":31,"s:101:8:101:Infinity":70,"s:106:22:106:Infinity":71,"s:108:4:127:Infinity":72,"b:109:17:109:32:109:32:109:34":32,"b:110:20:110:38:110:38:110:43":33,"b:111:26:111:50:111:50:111:52":34,"b:112:19:112:36:112:36:112:42":35,"b:113:15:113:53:113:53:113:Infinity":36,"b:114:17:114:59:114:59:114:Infinity":37,"b:115:22:115:42:115:42:115:44":38,"b:116:22:116:42:116:42:116:44":39,"b:117:22:117:38:117:38:117:40":40,"b:122:24:122:46:122:46:122:48":41,"b:123:24:123:46:123:46:123:48":42,"b:124:26:124:50:124:50:124:52":43,"b:125:23:125:61:125:61:125:Infinity":44,"b:126:25:126:48:126:48:126:50":45,"f:133:16:133:83":1,"s:134:29:134:Infinity":73,"b:135:4:137:Infinity:undefined:undefined:undefined:undefined":46,"s:135:4:137:Infinity":74,"s:136:6:136:Infinity":75,"s:139:64:139:Infinity":76,"s:141:4:150:Infinity":77,"s:142:23:142:Infinity":78,"b:144:6:146:Infinity:undefined:undefined:undefined:undefined":47,"s:144:6:146:Infinity":79,"s:145:8:145:Infinity":80,"s:149:6:149:Infinity":81,"s:152:4:152:Infinity":82,"f:158:10:158:Infinity":2,"b:163:4:165:Infinity:undefined:undefined:undefined:undefined":48,"s:163:4:165:Infinity":83,"s:164:6:164:Infinity":84,"s:167:18:167:Infinity":85,"s:169:4:181:Infinity":86,"s:170:23:170:Infinity":87,"b:172:6:180:Infinity:175:6:180:Infinity":49,"s:172:6:180:Infinity":88,"s:174:8:174:Infinity":89,"b:175:6:180:Infinity:undefined:undefined:undefined:undefined":50,"s:175:6:180:Infinity":90,"b:175:17:175:34:175:34:175:63:175:63:175:90":51,"s:176:8:179:Infinity":91,"f:187:15:187:45":3,"s:188:22:188:Infinity":92,"s:189:26:189:Infinity":93,"s:191:4:203:Infinity":94,"s:192:6:202:Infinity":95,"s:193:24:193:Infinity":96,"s:196:21:196:Infinity":97,"b:197:8:199:Infinity:undefined:undefined:undefined:undefined":52,"s:197:8:199:Infinity":98,"s:198:10:198:Infinity":99,"s:201:8:201:Infinity":100,"s:205:4:205:Infinity":101,"f:211:9:211:23":4,"s:212:44:217:Infinity":102,"s:219:4:223:Infinity":103,"b:220:6:222:Infinity:undefined:undefined:undefined:undefined":53,"s:220:6:222:Infinity":104,"s:221:8:221:Infinity":105,"s:225:4:225:Infinity":106,"f:231:9:231:19":5,"s:232:20:242:Infinity":107,"s:247:4:247:Infinity":108,"f:253:15:253:Infinity":6,"s:257:18:257:Infinity":109,"s:258:17:258:Infinity":110,"f:258:28:258:29":7,"s:258:35:258:50":111,"b:260:4:262:Infinity:undefined:undefined:undefined:undefined":54,"s:260:4:262:Infinity":112,"s:261:6:261:Infinity":113,"s:265:20:265:Infinity":114,"s:266:18:266:Infinity":115,"s:269:10:269:Infinity":116,"s:270:25:277:Infinity":117,"f:270:35:270:36":8,"b:271:6:275:Infinity:273:6:275:Infinity":55,"s:271:6:275:Infinity":118,"s:272:8:272:Infinity":119,"b:273:6:275:Infinity:undefined:undefined:undefined:undefined":56,"s:273:6:275:Infinity":120,"s:274:8:274:Infinity":121,"s:276:6:276:Infinity":122,"s:280:4:280:Infinity":123,"f:286:15:286:26":9,"s:287:18:287:Infinity":124,"s:288:17:288:Infinity":125,"f:288:28:288:29":10,"s:288:35:288:50":126,"b:290:4:292:Infinity:undefined:undefined:undefined:undefined":57,"s:290:4:292:Infinity":127,"s:291:6:291:Infinity":128,"s:295:20:295:Infinity":129,"s:296:18:296:Infinity":130,"s:299:10:299:Infinity":131,"s:300:30:300:Infinity":132,"s:301:25:301:Infinity":133,"s:303:25:321:Infinity":134,"f:303:35:303:36":11,"b:304:6:319:Infinity:306:6:319:Infinity":58,"s:304:6:319:Infinity":135,"s:305:8:305:Infinity":136,"b:306:6:319:Infinity:308:6:319:Infinity":59,"s:306:6:319:Infinity":137,"s:307:8:307:Infinity":138,"b:308:6:319:Infinity:310:6:319:Infinity":60,"s:308:6:319:Infinity":139,"s:309:8:309:Infinity":140,"b:310:6:319:Infinity:312:6:319:Infinity":61,"s:310:6:319:Infinity":141,"s:311:8:311:Infinity":142,"b:312:6:319:Infinity:314:6:319:Infinity":62,"s:312:6:319:Infinity":143,"s:313:8:313:Infinity":144,"b:314:6:319:Infinity:316:6:319:Infinity":63,"s:314:6:319:Infinity":145,"s:315:8:315:Infinity":146,"b:316:6:319:Infinity:undefined:undefined:undefined:undefined":64,"s:316:6:319:Infinity":147,"b:316:17:316:55:316:55:316:72":65,"s:317:8:317:Infinity":148,"s:318:8:318:Infinity":149,"s:320:6:320:Infinity":150,"s:324:4:324:Infinity":151}}}
}
