TN:
SF:src/extension.ts
FN:6,activate
FN:12,(anonymous_1)
FN:21,(anonymous_2)
FN:38,(anonymous_3)
FN:45,deactivate
FNF:5
FNH:5
FNDA:11,activate
FNDA:2,(anonymous_1)
FNDA:2,(anonymous_2)
FNDA:11,(anonymous_3)
FNDA:1,deactivate
DA:7,11
DA:9,11
DA:12,11
DA:13,2
DA:14,2
DA:16,1
DA:21,11
DA:22,2
DA:23,2
DA:24,1
DA:26,1
DA:30,11
DA:33,11
DA:39,11
DA:40,1
DA:46,1
LF:16
LH:16
BRDA:39,0,0,1
BRDA:39,0,1,10
BRF:2
BRH:2
end_of_record
TN:
SF:src/kanbanView.ts
FN:8,(anonymous_0)
FN:12,(anonymous_1)
FN:29,(anonymous_2)
FN:35,(anonymous_3)
FN:61,(anonymous_4)
FN:72,(anonymous_5)
FN:82,(anonymous_6)
FN:127,(anonymous_7)
FN:140,(anonymous_8)
FN:151,(anonymous_9)
FN:178,(anonymous_10)
FN:180,(anonymous_11)
FN:182,(anonymous_12)
FN:190,(anonymous_13)
FN:966,(anonymous_14)
FNF:15
FNH:15
FNDA:45,(anonymous_0)
FNDA:36,(anonymous_1)
FNDA:1,(anonymous_2)
FNDA:17,(anonymous_3)
FNDA:41,(anonymous_4)
FNDA:2,(anonymous_5)
FNDA:10,(anonymous_6)
FNDA:2,(anonymous_7)
FNDA:2,(anonymous_8)
FNDA:7,(anonymous_9)
FNDA:40,(anonymous_10)
FNDA:160,(anonymous_11)
FNDA:2,(anonymous_12)
FNDA:10,(anonymous_13)
FNDA:20,(anonymous_14)
DA:8,45
DA:9,45
DA:13,36
DA:14,1
DA:15,1
DA:16,1
DA:19,35
DA:29,35
DA:30,1
DA:34,35
DA:36,17
DA:38,2
DA:39,2
DA:41,1
DA:42,1
DA:44,10
DA:45,10
DA:47,2
DA:48,2
DA:50,2
DA:51,2
DA:58,35
DA:62,41
DA:63,1
DA:66,40
DA:67,40
DA:69,40
DA:73,2
DA:74,2
DA:75,2
DA:76,1
DA:78,1
DA:83,10
DA:84,0
DA:87,10
DA:89,10
DA:90,10
DA:91,1
DA:94,9
DA:97,9
DA:98,10
DA:99,10
DA:100,10
DA:101,7
DA:102,7
DA:106,8
DA:108,7
DA:109,7
DA:114,1
DA:120,1
DA:128,2
DA:129,2
DA:134,1
DA:136,1
DA:141,2
DA:142,2
DA:144,1
DA:145,1
DA:147,1
DA:153,7
DA:173,7
DA:175,7
DA:180,40
DA:181,160
DA:182,160
DA:185,40
DA:186,40
DA:187,40
DA:188,40
DA:190,40
DA:191,10
DA:192,10
DA:193,10
DA:194,10
DA:195,10
DA:197,10
DA:222,40
DA:967,20
LF:78
LH:77
BRDA:13,0,0,1
BRDA:13,0,1,35
BRDA:36,1,0,2
BRDA:36,1,1,1
BRDA:36,1,2,10
BRDA:36,1,3,2
BRDA:36,1,4,2
BRDA:62,2,0,1
BRDA:62,2,1,40
BRDA:83,3,0,0
BRDA:83,3,1,10
BRDA:90,4,0,1
BRDA:90,4,1,9
BRDA:106,5,0,7
BRDA:106,5,1,1
BRDA:185,6,0,40
BRDA:185,6,1,0
BRDA:186,7,0,40
BRDA:186,7,1,0
BRDA:187,8,0,40
BRDA:187,8,1,0
BRDA:188,9,0,40
BRDA:188,9,1,0
BRDA:192,10,0,1
BRDA:192,10,1,9
BRDA:194,11,0,10
BRDA:194,11,1,1
BRDA:195,12,0,1
BRDA:195,12,1,9
BRDA:206,13,0,1
BRDA:206,13,1,9
BRDA:211,14,0,1
BRDA:211,14,1,9
BRDA:212,15,0,1
BRDA:212,15,1,9
BRDA:216,16,0,2
BRDA:216,16,1,8
BRDA:646,17,0,4
BRDA:646,17,1,36
BRDA:660,18,0,1
BRDA:660,18,1,39
BRDA:674,19,0,2
BRDA:674,19,1,38
BRDA:688,20,0,1
BRDA:688,20,1,39
BRF:45
BRH:40
end_of_record
TN:
SF:src/taskParser.ts
FN:31,(anonymous_0)
FN:133,(anonymous_1)
FN:158,(anonymous_2)
FN:187,(anonymous_3)
FN:211,(anonymous_4)
FN:231,(anonymous_5)
FN:253,(anonymous_6)
FN:258,(anonymous_7)
FN:270,(anonymous_8)
FN:286,(anonymous_9)
FN:288,(anonymous_10)
FN:303,(anonymous_11)
FNF:12
FNH:12
FNDA:13,(anonymous_0)
FNDA:19,(anonymous_1)
FNDA:17,(anonymous_2)
FNDA:19,(anonymous_3)
FNDA:3,(anonymous_4)
FNDA:1,(anonymous_5)
FNDA:2,(anonymous_6)
FNDA:1,(anonymous_7)
FNDA:7,(anonymous_8)
FNDA:3,(anonymous_9)
FNDA:2,(anonymous_10)
FNDA:24,(anonymous_11)
DA:32,13
DA:35,13
DA:36,13
DA:37,1
DA:40,12
DA:43,12
DA:44,12
DA:46,12
DA:47,94
DA:48,12
DA:49,12
DA:50,12
DA:51,82
DA:52,1
DA:53,1
DA:54,81
DA:55,1
DA:56,1
DA:57,80
DA:58,1
DA:59,1
DA:60,79
DA:61,7
DA:62,7
DA:63,72
DA:64,1
DA:65,1
DA:66,71
DA:67,1
DA:68,1
DA:69,70
DA:70,4
DA:71,4
DA:72,66
DA:73,1
DA:74,1
DA:75,65
DA:76,3
DA:77,3
DA:78,62
DA:79,3
DA:80,3
DA:81,59
DA:82,3
DA:83,3
DA:84,56
DA:85,3
DA:86,3
DA:87,53
DA:89,1
DA:90,1
DA:91,1
DA:96,3
DA:97,3
DA:99,1
DA:100,52
DA:101,12
DA:106,12
DA:108,12
DA:134,19
DA:135,19
DA:136,1
DA:139,18
DA:141,18
DA:142,17
DA:144,17
DA:145,1
DA:149,16
DA:152,18
DA:163,17
DA:164,1
DA:167,16
DA:169,16
DA:170,16
DA:172,16
DA:174,1
DA:175,15
DA:176,14
DA:188,19
DA:189,19
DA:191,19
DA:192,14
DA:193,14
DA:196,14
DA:197,14
DA:198,12
DA:201,1
DA:205,19
DA:212,3
DA:219,3
DA:220,7
DA:221,6
DA:225,3
DA:232,1
DA:247,1
DA:257,2
DA:258,2
DA:260,2
DA:261,1
DA:265,1
DA:266,1
DA:269,1
DA:270,1
DA:271,7
DA:272,1
DA:273,6
DA:274,1
DA:276,5
DA:280,1
DA:287,3
DA:288,3
DA:290,3
DA:291,1
DA:295,2
DA:296,2
DA:299,2
DA:300,2
DA:301,2
DA:303,2
DA:304,24
DA:305,2
DA:306,22
DA:307,2
DA:308,20
DA:309,2
DA:310,18
DA:311,2
DA:312,16
DA:313,2
DA:314,14
DA:315,2
DA:316,12
DA:317,2
DA:318,2
DA:320,10
DA:324,2
LF:136
LH:136
BRDA:36,0,0,1
BRDA:36,0,1,12
BRDA:47,1,0,12
BRDA:47,1,1,82
BRDA:50,2,0,12
BRDA:50,2,1,0
BRDA:51,3,0,1
BRDA:51,3,1,81
BRDA:53,4,0,1
BRDA:53,4,1,0
BRDA:54,5,0,1
BRDA:54,5,1,80
BRDA:56,6,0,1
BRDA:56,6,1,0
BRDA:57,7,0,1
BRDA:57,7,1,79
BRDA:59,8,0,1
BRDA:59,8,1,0
BRDA:60,9,0,7
BRDA:60,9,1,72
BRDA:62,10,0,7
BRDA:62,10,1,0
BRDA:63,11,0,1
BRDA:63,11,1,71
BRDA:65,12,0,1
BRDA:65,12,1,0
BRDA:66,13,0,1
BRDA:66,13,1,70
BRDA:68,14,0,1
BRDA:68,14,1,0
BRDA:69,15,0,4
BRDA:69,15,1,66
BRDA:71,16,0,4
BRDA:71,16,1,0
BRDA:72,17,0,1
BRDA:72,17,1,65
BRDA:74,18,0,1
BRDA:74,18,1,0
BRDA:75,19,0,3
BRDA:75,19,1,62
BRDA:77,20,0,3
BRDA:77,20,1,0
BRDA:78,21,0,3
BRDA:78,21,1,59
BRDA:80,22,0,3
BRDA:80,22,1,0
BRDA:81,23,0,3
BRDA:81,23,1,56
BRDA:83,24,0,3
BRDA:83,24,1,0
BRDA:84,25,0,3
BRDA:84,25,1,53
BRDA:86,26,0,3
BRDA:86,26,1,0
BRDA:87,27,0,1
BRDA:87,27,1,52
BRDA:92,28,0,1
BRDA:92,28,1,4
BRDA:92,28,2,4
BRDA:96,29,0,2
BRDA:96,29,1,1
BRDA:100,30,0,12
BRDA:100,30,1,40
BRDA:100,31,0,52
BRDA:100,31,1,12
BRDA:109,32,0,12
BRDA:109,32,1,0
BRDA:110,33,0,13
BRDA:110,33,1,11
BRDA:111,34,0,13
BRDA:111,34,1,11
BRDA:112,35,0,13
BRDA:112,35,1,11
BRDA:113,36,0,13
BRDA:113,36,1,5
BRDA:114,37,0,13
BRDA:114,37,1,11
BRDA:115,38,0,13
BRDA:115,38,1,11
BRDA:116,39,0,13
BRDA:116,39,1,8
BRDA:117,40,0,13
BRDA:117,40,1,11
BRDA:122,41,0,13
BRDA:122,41,1,9
BRDA:123,42,0,13
BRDA:123,42,1,9
BRDA:124,43,0,13
BRDA:124,43,1,9
BRDA:125,44,0,13
BRDA:125,44,1,10
BRDA:126,45,0,13
BRDA:126,45,1,11
BRDA:135,46,0,1
BRDA:135,46,1,18
BRDA:144,47,0,1
BRDA:144,47,1,16
BRDA:163,48,0,1
BRDA:163,48,1,16
BRDA:172,49,0,1
BRDA:172,49,1,15
BRDA:175,50,0,14
BRDA:175,50,1,1
BRDA:175,51,0,15
BRDA:175,51,1,15
BRDA:175,51,2,15
BRDA:197,52,0,12
BRDA:197,52,1,2
BRDA:220,53,0,6
BRDA:220,53,1,1
BRDA:260,54,0,1
BRDA:260,54,1,1
BRDA:271,55,0,1
BRDA:271,55,1,6
BRDA:273,56,0,1
BRDA:273,56,1,5
BRDA:290,57,0,1
BRDA:290,57,1,2
BRDA:304,58,0,2
BRDA:304,58,1,22
BRDA:306,59,0,2
BRDA:306,59,1,20
BRDA:308,60,0,2
BRDA:308,60,1,18
BRDA:310,61,0,2
BRDA:310,61,1,16
BRDA:312,62,0,2
BRDA:312,62,1,14
BRDA:314,63,0,2
BRDA:314,63,1,12
BRDA:316,64,0,2
BRDA:316,64,1,10
BRDA:316,65,0,12
BRDA:316,65,1,2
BRF:134
BRH:120
end_of_record
